2024-08-15T18:47:06.271+0300 [DEBUG] [org.gradle.launcher.daemon.bootstrap.DaemonMain] Assuming the daemon was started with following jvm opts: [--add-opens=java.base/java.util=ALL-UNNAMED, --add-opens=java.base/java.lang=ALL-UNNAMED, --add-opens=java.base/java.lang.invoke=ALL-UNNAMED, --add-opens=java.prefs/java.util.prefs=ALL-UNNAMED, --add-opens=java.base/java.nio.charset=ALL-UNNAMED, --add-opens=java.base/java.net=ALL-UNNAMED, --add-opens=java.base/java.util.concurrent.atomic=ALL-UNNAMED, -XX:MaxMetaspaceSize=384m, -XX:+HeapDumpOnOutOfMemoryError, -Xms256m, -Xmx512m, -Dfile.encoding=UTF-8, -Duser.country=GB, -Duser.language=en, -Duser.variant]
2024-08-15T18:47:06.530+0300 [DEBUG] [org.gradle.internal.nativeintegration.services.NativeServices] Native-platform posix files integration is not available. Continuing with fallback.
2024-08-15T18:47:06.552+0300 [INFO] [org.gradle.launcher.daemon.server.Daemon] start() called on daemon - DefaultDaemonContext[uid=a766a1f4-bc65-4696-b840-d9e1c75c7339,javaHome=C:\Users\lasma\.jdks\openjdk-22.0.1,javaVersion=22,daemonRegistryDir=C:\Users\lasma\OneDrive\Dokumenti\Lasma\GitHub\WoTech-Team20-repository\Datorium-API\src\main\java\com\datorium\Datorium\API\daemon,pid=8868,idleTimeout=10800000,priority=NORMAL,applyInstrumentationAgent=true,nativeServicesMode=ENABLED,daemonOpts=--add-opens=java.base/java.util=ALL-UNNAMED,--add-opens=java.base/java.lang=ALL-UNNAMED,--add-opens=java.base/java.lang.invoke=ALL-UNNAMED,--add-opens=java.prefs/java.util.prefs=ALL-UNNAMED,--add-opens=java.base/java.nio.charset=ALL-UNNAMED,--add-opens=java.base/java.net=ALL-UNNAMED,--add-opens=java.base/java.util.concurrent.atomic=ALL-UNNAMED,-XX:MaxMetaspaceSize=384m,-XX:+HeapDumpOnOutOfMemoryError,-Xms256m,-Xmx512m,-Dfile.encoding=UTF-8,-Duser.country=GB,-Duser.language=en,-Duser.variant]
2024-08-15T18:47:06.618+0300 [DEBUG] [org.gradle.internal.remote.internal.inet.InetAddresses] Adding IP addresses for network interface ExpressVPN TAP Adapter-WFP Native MAC Layer LightWeight Filter-0000
2024-08-15T18:47:06.619+0300 [DEBUG] [org.gradle.internal.remote.internal.inet.InetAddresses] Is this a loopback interface? false
2024-08-15T18:47:06.619+0300 [DEBUG] [org.gradle.internal.remote.internal.inet.InetAddresses] Adding IP addresses for network interface ExpressVPN TAP Adapter-QoS Packet Scheduler-0000
2024-08-15T18:47:06.619+0300 [DEBUG] [org.gradle.internal.remote.internal.inet.InetAddresses] Is this a loopback interface? false
2024-08-15T18:47:06.620+0300 [DEBUG] [org.gradle.internal.remote.internal.inet.InetAddresses] Adding IP addresses for network interface ExpressVPN TAP Adapter-WFP 802.3 MAC Layer LightWeight Filter-0000
2024-08-15T18:47:06.620+0300 [DEBUG] [org.gradle.internal.remote.internal.inet.InetAddresses] Is this a loopback interface? false
2024-08-15T18:47:06.620+0300 [DEBUG] [org.gradle.internal.remote.internal.inet.InetAddresses] Adding IP addresses for network interface WAN Miniport (IP)-WFP Native MAC Layer LightWeight Filter-0000
2024-08-15T18:47:06.620+0300 [DEBUG] [org.gradle.internal.remote.internal.inet.InetAddresses] Is this a loopback interface? false
2024-08-15T18:47:06.620+0300 [DEBUG] [org.gradle.internal.remote.internal.inet.InetAddresses] Adding IP addresses for network interface WAN Miniport (IP)-QoS Packet Scheduler-0000
2024-08-15T18:47:06.621+0300 [DEBUG] [org.gradle.internal.remote.internal.inet.InetAddresses] Is this a loopback interface? false
2024-08-15T18:47:06.621+0300 [DEBUG] [org.gradle.internal.remote.internal.inet.InetAddresses] Adding IP addresses for network interface WAN Miniport (IPv6)-WFP Native MAC Layer LightWeight Filter-0000
2024-08-15T18:47:06.621+0300 [DEBUG] [org.gradle.internal.remote.internal.inet.InetAddresses] Is this a loopback interface? false
2024-08-15T18:47:06.621+0300 [DEBUG] [org.gradle.internal.remote.internal.inet.InetAddresses] Adding IP addresses for network interface WAN Miniport (IPv6)-QoS Packet Scheduler-0000
2024-08-15T18:47:06.622+0300 [DEBUG] [org.gradle.internal.remote.internal.inet.InetAddresses] Is this a loopback interface? false
2024-08-15T18:47:06.622+0300 [DEBUG] [org.gradle.internal.remote.internal.inet.InetAddresses] Adding IP addresses for network interface WAN Miniport (Network Monitor)-WFP Native MAC Layer LightWeight Filter-0000
2024-08-15T18:47:06.622+0300 [DEBUG] [org.gradle.internal.remote.internal.inet.InetAddresses] Is this a loopback interface? false
2024-08-15T18:47:06.622+0300 [DEBUG] [org.gradle.internal.remote.internal.inet.InetAddresses] Adding IP addresses for network interface WAN Miniport (Network Monitor)-QoS Packet Scheduler-0000
2024-08-15T18:47:06.623+0300 [DEBUG] [org.gradle.internal.remote.internal.inet.InetAddresses] Is this a loopback interface? false
2024-08-15T18:47:06.623+0300 [DEBUG] [org.gradle.internal.remote.internal.inet.InetAddresses] Adding IP addresses for network interface Microsoft Kernel Debug Network Adapter
2024-08-15T18:47:06.623+0300 [DEBUG] [org.gradle.internal.remote.internal.inet.InetAddresses] Is this a loopback interface? false
2024-08-15T18:47:06.623+0300 [DEBUG] [org.gradle.internal.remote.internal.inet.InetAddresses] Adding IP addresses for network interface Bluetooth Device (Personal Area Network)
2024-08-15T18:47:06.623+0300 [DEBUG] [org.gradle.internal.remote.internal.inet.InetAddresses] Is this a loopback interface? false
2024-08-15T18:47:06.624+0300 [DEBUG] [org.gradle.internal.remote.internal.inet.InetAddresses] Adding remote address /fe80:0:0:0:9da6:d735:fd3:b082%ethernet_32769
2024-08-15T18:47:06.624+0300 [DEBUG] [org.gradle.internal.remote.internal.inet.InetAddresses] Adding IP addresses for network interface ExpressVPN TAP Adapter
2024-08-15T18:47:06.624+0300 [DEBUG] [org.gradle.internal.remote.internal.inet.InetAddresses] Is this a loopback interface? false
2024-08-15T18:47:06.624+0300 [DEBUG] [org.gradle.internal.remote.internal.inet.InetAddresses] Adding remote address /fe80:0:0:0:7128:d0d0:e3c8:c20a%ethernet_32771
2024-08-15T18:47:06.625+0300 [DEBUG] [org.gradle.internal.remote.internal.inet.InetAddresses] Adding IP addresses for network interface WAN Miniport (IP)
2024-08-15T18:47:06.625+0300 [DEBUG] [org.gradle.internal.remote.internal.inet.InetAddresses] Is this a loopback interface? false
2024-08-15T18:47:06.625+0300 [DEBUG] [org.gradle.internal.remote.internal.inet.InetAddresses] Adding IP addresses for network interface WAN Miniport (IPv6)
2024-08-15T18:47:06.625+0300 [DEBUG] [org.gradle.internal.remote.internal.inet.InetAddresses] Is this a loopback interface? false
2024-08-15T18:47:06.625+0300 [DEBUG] [org.gradle.internal.remote.internal.inet.InetAddresses] Adding IP addresses for network interface WAN Miniport (Network Monitor)
2024-08-15T18:47:06.626+0300 [DEBUG] [org.gradle.internal.remote.internal.inet.InetAddresses] Is this a loopback interface? false
2024-08-15T18:47:06.626+0300 [DEBUG] [org.gradle.internal.remote.internal.inet.InetAddresses] Adding IP addresses for network interface WAN Miniport (PPPOE)
2024-08-15T18:47:06.626+0300 [DEBUG] [org.gradle.internal.remote.internal.inet.InetAddresses] Is this a loopback interface? false
2024-08-15T18:47:06.626+0300 [DEBUG] [org.gradle.internal.remote.internal.inet.InetAddresses] Adding IP addresses for network interface Software Loopback Interface 1
2024-08-15T18:47:06.626+0300 [DEBUG] [org.gradle.internal.remote.internal.inet.InetAddresses] Is this a loopback interface? true
2024-08-15T18:47:06.626+0300 [DEBUG] [org.gradle.internal.remote.internal.inet.InetAddresses] Adding loopback address /0:0:0:0:0:0:0:1
2024-08-15T18:47:06.627+0300 [DEBUG] [org.gradle.internal.remote.internal.inet.InetAddresses] Adding loopback address /127.0.0.1
2024-08-15T18:47:06.627+0300 [DEBUG] [org.gradle.internal.remote.internal.inet.InetAddresses] Adding IP addresses for network interface ExpressVPN TUN Driver
2024-08-15T18:47:06.628+0300 [DEBUG] [org.gradle.internal.remote.internal.inet.InetAddresses] Is this a loopback interface? false
2024-08-15T18:47:06.628+0300 [DEBUG] [org.gradle.internal.remote.internal.inet.InetAddresses] Adding remote address /fe80:0:0:0:8a6d:44ad:d6f5:5b02%iftype53_32768
2024-08-15T18:47:06.628+0300 [DEBUG] [org.gradle.internal.remote.internal.inet.InetAddresses] Adding IP addresses for network interface Realtek RTL8821CE 802.11ac PCIe Adapter-WFP Native MAC Layer LightWeight Filter-0000
2024-08-15T18:47:06.628+0300 [DEBUG] [org.gradle.internal.remote.internal.inet.InetAddresses] Is this a loopback interface? false
2024-08-15T18:47:06.629+0300 [DEBUG] [org.gradle.internal.remote.internal.inet.InetAddresses] Adding IP addresses for network interface Realtek RTL8821CE 802.11ac PCIe Adapter-Virtual WiFi Filter Driver-0000
2024-08-15T18:47:06.629+0300 [DEBUG] [org.gradle.internal.remote.internal.inet.InetAddresses] Is this a loopback interface? false
2024-08-15T18:47:06.629+0300 [DEBUG] [org.gradle.internal.remote.internal.inet.InetAddresses] Adding IP addresses for network interface Realtek RTL8821CE 802.11ac PCIe Adapter-Native WiFi Filter Driver-0000
2024-08-15T18:47:06.629+0300 [DEBUG] [org.gradle.internal.remote.internal.inet.InetAddresses] Is this a loopback interface? false
2024-08-15T18:47:06.630+0300 [DEBUG] [org.gradle.internal.remote.internal.inet.InetAddresses] Adding IP addresses for network interface Realtek RTL8821CE 802.11ac PCIe Adapter-QoS Packet Scheduler-0000
2024-08-15T18:47:06.630+0300 [DEBUG] [org.gradle.internal.remote.internal.inet.InetAddresses] Is this a loopback interface? false
2024-08-15T18:47:06.630+0300 [DEBUG] [org.gradle.internal.remote.internal.inet.InetAddresses] Adding IP addresses for network interface Realtek RTL8821CE 802.11ac PCIe Adapter-WFP 802.3 MAC Layer LightWeight Filter-0000
2024-08-15T18:47:06.630+0300 [DEBUG] [org.gradle.internal.remote.internal.inet.InetAddresses] Is this a loopback interface? false
2024-08-15T18:47:06.630+0300 [DEBUG] [org.gradle.internal.remote.internal.inet.InetAddresses] Adding IP addresses for network interface Microsoft Wi-Fi Direct Virtual Adapter-WFP Native MAC Layer LightWeight Filter-0000
2024-08-15T18:47:06.631+0300 [DEBUG] [org.gradle.internal.remote.internal.inet.InetAddresses] Is this a loopback interface? false
2024-08-15T18:47:06.631+0300 [DEBUG] [org.gradle.internal.remote.internal.inet.InetAddresses] Adding IP addresses for network interface Microsoft Wi-Fi Direct Virtual Adapter-Native WiFi Filter Driver-0000
2024-08-15T18:47:06.631+0300 [DEBUG] [org.gradle.internal.remote.internal.inet.InetAddresses] Is this a loopback interface? false
2024-08-15T18:47:06.631+0300 [DEBUG] [org.gradle.internal.remote.internal.inet.InetAddresses] Adding IP addresses for network interface Microsoft Wi-Fi Direct Virtual Adapter-QoS Packet Scheduler-0000
2024-08-15T18:47:06.632+0300 [DEBUG] [org.gradle.internal.remote.internal.inet.InetAddresses] Is this a loopback interface? false
2024-08-15T18:47:06.632+0300 [DEBUG] [org.gradle.internal.remote.internal.inet.InetAddresses] Adding IP addresses for network interface Microsoft Wi-Fi Direct Virtual Adapter-WFP 802.3 MAC Layer LightWeight Filter-0000
2024-08-15T18:47:06.632+0300 [DEBUG] [org.gradle.internal.remote.internal.inet.InetAddresses] Is this a loopback interface? false
2024-08-15T18:47:06.632+0300 [DEBUG] [org.gradle.internal.remote.internal.inet.InetAddresses] Adding IP addresses for network interface Microsoft Wi-Fi Direct Virtual Adapter #2-WFP Native MAC Layer LightWeight Filter-0000
2024-08-15T18:47:06.634+0300 [DEBUG] [org.gradle.internal.remote.internal.inet.InetAddresses] Is this a loopback interface? false
2024-08-15T18:47:06.634+0300 [DEBUG] [org.gradle.internal.remote.internal.inet.InetAddresses] Adding IP addresses for network interface Microsoft Wi-Fi Direct Virtual Adapter #2-Native WiFi Filter Driver-0000
2024-08-15T18:47:06.634+0300 [DEBUG] [org.gradle.internal.remote.internal.inet.InetAddresses] Is this a loopback interface? false
2024-08-15T18:47:06.634+0300 [DEBUG] [org.gradle.internal.remote.internal.inet.InetAddresses] Adding IP addresses for network interface Microsoft Wi-Fi Direct Virtual Adapter #2-QoS Packet Scheduler-0000
2024-08-15T18:47:06.635+0300 [DEBUG] [org.gradle.internal.remote.internal.inet.InetAddresses] Is this a loopback interface? false
2024-08-15T18:47:06.635+0300 [DEBUG] [org.gradle.internal.remote.internal.inet.InetAddresses] Adding IP addresses for network interface Microsoft Wi-Fi Direct Virtual Adapter #2-WFP 802.3 MAC Layer LightWeight Filter-0000
2024-08-15T18:47:06.635+0300 [DEBUG] [org.gradle.internal.remote.internal.inet.InetAddresses] Is this a loopback interface? false
2024-08-15T18:47:06.635+0300 [DEBUG] [org.gradle.internal.remote.internal.inet.InetAddresses] Adding IP addresses for network interface Realtek RTL8821CE 802.11ac PCIe Adapter
2024-08-15T18:47:06.635+0300 [DEBUG] [org.gradle.internal.remote.internal.inet.InetAddresses] Is this a loopback interface? false
2024-08-15T18:47:06.636+0300 [DEBUG] [org.gradle.internal.remote.internal.inet.InetAddresses] Adding remote address /fe80:0:0:0:95a4:a2:3ad4:ce51%wireless_32768
2024-08-15T18:47:06.636+0300 [DEBUG] [org.gradle.internal.remote.internal.inet.InetAddresses] Adding remote address /192.168.1.111
2024-08-15T18:47:06.637+0300 [DEBUG] [org.gradle.internal.remote.internal.inet.InetAddresses] Adding IP addresses for network interface Microsoft Wi-Fi Direct Virtual Adapter
2024-08-15T18:47:06.637+0300 [DEBUG] [org.gradle.internal.remote.internal.inet.InetAddresses] Is this a loopback interface? false
2024-08-15T18:47:06.637+0300 [DEBUG] [org.gradle.internal.remote.internal.inet.InetAddresses] Adding remote address /fe80:0:0:0:613a:fb7f:b8e1:ce12%wireless_32769
2024-08-15T18:47:06.638+0300 [DEBUG] [org.gradle.internal.remote.internal.inet.InetAddresses] Adding IP addresses for network interface Microsoft Wi-Fi Direct Virtual Adapter #2
2024-08-15T18:47:06.638+0300 [DEBUG] [org.gradle.internal.remote.internal.inet.InetAddresses] Is this a loopback interface? false
2024-08-15T18:47:06.638+0300 [DEBUG] [org.gradle.internal.remote.internal.inet.InetAddresses] Adding remote address /fe80:0:0:0:8faa:817a:aa1:1d13%wireless_32770
2024-08-15T18:47:06.639+0300 [DEBUG] [org.gradle.internal.remote.internal.inet.InetAddresses] Adding IP addresses for network interface Microsoft Teredo Tunneling Adapter
2024-08-15T18:47:06.639+0300 [DEBUG] [org.gradle.internal.remote.internal.inet.InetAddresses] Is this a loopback interface? false
2024-08-15T18:47:06.639+0300 [DEBUG] [org.gradle.internal.remote.internal.inet.InetAddresses] Adding IP addresses for network interface Microsoft IP-HTTPS Platform Adapter
2024-08-15T18:47:06.640+0300 [DEBUG] [org.gradle.internal.remote.internal.inet.InetAddresses] Is this a loopback interface? false
2024-08-15T18:47:06.640+0300 [DEBUG] [org.gradle.internal.remote.internal.inet.InetAddresses] Adding IP addresses for network interface Microsoft 6to4 Adapter
2024-08-15T18:47:06.641+0300 [DEBUG] [org.gradle.internal.remote.internal.inet.InetAddresses] Is this a loopback interface? false
2024-08-15T18:47:06.641+0300 [DEBUG] [org.gradle.internal.remote.internal.inet.InetAddresses] Adding IP addresses for network interface WAN Miniport (SSTP)
2024-08-15T18:47:06.642+0300 [DEBUG] [org.gradle.internal.remote.internal.inet.InetAddresses] Is this a loopback interface? false
2024-08-15T18:47:06.642+0300 [DEBUG] [org.gradle.internal.remote.internal.inet.InetAddresses] Adding IP addresses for network interface WAN Miniport (IKEv2)
2024-08-15T18:47:06.642+0300 [DEBUG] [org.gradle.internal.remote.internal.inet.InetAddresses] Is this a loopback interface? false
2024-08-15T18:47:06.642+0300 [DEBUG] [org.gradle.internal.remote.internal.inet.InetAddresses] Adding IP addresses for network interface WAN Miniport (L2TP)
2024-08-15T18:47:06.643+0300 [DEBUG] [org.gradle.internal.remote.internal.inet.InetAddresses] Is this a loopback interface? false
2024-08-15T18:47:06.644+0300 [DEBUG] [org.gradle.internal.remote.internal.inet.InetAddresses] Adding IP addresses for network interface WAN Miniport (PPTP)
2024-08-15T18:47:06.644+0300 [DEBUG] [org.gradle.internal.remote.internal.inet.InetAddresses] Is this a loopback interface? false
2024-08-15T18:47:06.655+0300 [DEBUG] [org.gradle.internal.remote.internal.inet.TcpIncomingConnector] Listening on [6e49998f-47c5-48b8-908d-5647a237b6ec port:54648, addresses:[localhost/127.0.0.1]].
2024-08-15T18:47:06.677+0300 [DEBUG] [org.gradle.launcher.daemon.server.Daemon] Daemon starting at: Thu Aug 15 18:47:06 EEST 2024, with address: [6e49998f-47c5-48b8-908d-5647a237b6ec port:54648, addresses:[localhost/127.0.0.1]]
2024-08-15T18:47:06.677+0300 [INFO] [org.gradle.launcher.daemon.server.DaemonRegistryUpdater] Advertising the daemon address to the clients: [6e49998f-47c5-48b8-908d-5647a237b6ec port:54648, addresses:[localhost/127.0.0.1]]
2024-08-15T18:47:06.678+0300 [DEBUG] [org.gradle.launcher.daemon.server.DaemonRegistryUpdater] Advertised daemon context: DefaultDaemonContext[uid=a766a1f4-bc65-4696-b840-d9e1c75c7339,javaHome=C:\Users\lasma\.jdks\openjdk-22.0.1,javaVersion=22,daemonRegistryDir=C:\Users\lasma\OneDrive\Dokumenti\Lasma\GitHub\WoTech-Team20-repository\Datorium-API\src\main\java\com\datorium\Datorium\API\daemon,pid=8868,idleTimeout=10800000,priority=NORMAL,applyInstrumentationAgent=true,nativeServicesMode=ENABLED,daemonOpts=--add-opens=java.base/java.util=ALL-UNNAMED,--add-opens=java.base/java.lang=ALL-UNNAMED,--add-opens=java.base/java.lang.invoke=ALL-UNNAMED,--add-opens=java.prefs/java.util.prefs=ALL-UNNAMED,--add-opens=java.base/java.nio.charset=ALL-UNNAMED,--add-opens=java.base/java.net=ALL-UNNAMED,--add-opens=java.base/java.util.concurrent.atomic=ALL-UNNAMED,-XX:MaxMetaspaceSize=384m,-XX:+HeapDumpOnOutOfMemoryError,-Xms256m,-Xmx512m,-Dfile.encoding=UTF-8,-Duser.country=GB,-Duser.language=en,-Duser.variant]
2024-08-15T18:47:06.682+0300 [DEBUG] [org.gradle.launcher.daemon.registry.PersistentDaemonRegistry] Storing daemon address: [6e49998f-47c5-48b8-908d-5647a237b6ec port:54648, addresses:[localhost/127.0.0.1]], context: DefaultDaemonContext[uid=a766a1f4-bc65-4696-b840-d9e1c75c7339,javaHome=C:\Users\lasma\.jdks\openjdk-22.0.1,javaVersion=22,daemonRegistryDir=C:\Users\lasma\OneDrive\Dokumenti\Lasma\GitHub\WoTech-Team20-repository\Datorium-API\src\main\java\com\datorium\Datorium\API\daemon,pid=8868,idleTimeout=10800000,priority=NORMAL,applyInstrumentationAgent=true,nativeServicesMode=ENABLED,daemonOpts=--add-opens=java.base/java.util=ALL-UNNAMED,--add-opens=java.base/java.lang=ALL-UNNAMED,--add-opens=java.base/java.lang.invoke=ALL-UNNAMED,--add-opens=java.prefs/java.util.prefs=ALL-UNNAMED,--add-opens=java.base/java.nio.charset=ALL-UNNAMED,--add-opens=java.base/java.net=ALL-UNNAMED,--add-opens=java.base/java.util.concurrent.atomic=ALL-UNNAMED,-XX:MaxMetaspaceSize=384m,-XX:+HeapDumpOnOutOfMemoryError,-Xms256m,-Xmx512m,-Dfile.encoding=UTF-8,-Duser.country=GB,-Duser.language=en,-Duser.variant]
2024-08-15T18:47:06.700+0300 [DEBUG] [org.gradle.cache.internal.DefaultFileLockManager] Waiting to acquire exclusive lock on daemon addresses registry.
2024-08-15T18:47:06.706+0300 [DEBUG] [org.gradle.cache.internal.DefaultFileLockManager] Lock acquired on daemon addresses registry.
2024-08-15T18:47:06.712+0300 [DEBUG] [org.gradle.cache.internal.DefaultFileLockManager] Releasing lock on daemon addresses registry.
2024-08-15T18:47:06.713+0300 [LIFECYCLE] [org.gradle.launcher.daemon.server.Daemon] Daemon server started.
2024-08-15T18:47:06.715+0300 [DEBUG] [org.gradle.launcher.daemon.bootstrap.DaemonStartupCommunication] Completed writing the daemon greeting. Closing streams...
2024-08-15T18:47:06.723+0300 [DEBUG] [org.gradle.launcher.daemon.server.Daemon] stopOnExpiration() called on daemon
2024-08-15T18:47:06.724+0300 [DEBUG] [org.gradle.launcher.daemon.server.Daemon] awaitExpiration() called on daemon
2024-08-15T18:47:06.725+0300 [DEBUG] [org.gradle.launcher.daemon.server.DaemonStateCoordinator] daemon is running. Sleeping until state changes.
2024-08-15T18:47:06.729+0300 [DEBUG] [org.gradle.internal.remote.internal.inet.TcpIncomingConnector] Accepted connection from /127.0.0.1:54649 to /127.0.0.1:54648.
2024-08-15T18:47:06.844+0300 [DEBUG] [org.gradle.launcher.daemon.server.SynchronizedDispatchConnection] thread 41: received class org.gradle.launcher.daemon.protocol.Build
2024-08-15T18:47:06.845+0300 [DEBUG] [org.gradle.launcher.daemon.server.DefaultDaemonConnection] thread 41: Received non-IO message from client: Build{id=a7ade6a2-4f67-438d-9006-aa6030aabce3, currentDir=C:\Users\lasma\IdeaProjects\JAVA PROJECTS STARTING FROM 31.07.2024\Datorium-API}
2024-08-15T18:47:06.845+0300 [INFO] [org.gradle.launcher.daemon.server.DefaultIncomingConnectionHandler] Received command: Build{id=a7ade6a2-4f67-438d-9006-aa6030aabce3, currentDir=C:\Users\lasma\IdeaProjects\JAVA PROJECTS STARTING FROM 31.07.2024\Datorium-API}.
2024-08-15T18:47:06.845+0300 [DEBUG] [org.gradle.launcher.daemon.server.DefaultIncomingConnectionHandler] Starting executing command: Build{id=a7ade6a2-4f67-438d-9006-aa6030aabce3, currentDir=C:\Users\lasma\IdeaProjects\JAVA PROJECTS STARTING FROM 31.07.2024\Datorium-API} with connection: socket connection from /127.0.0.1:54648 to /127.0.0.1:54649.
2024-08-15T18:47:06.852+0300 [DEBUG] [org.gradle.launcher.daemon.server.DaemonStateCoordinator] Command execution: started DaemonCommandExecution[command = Build{id=a7ade6a2-4f67-438d-9006-aa6030aabce3, currentDir=C:\Users\lasma\IdeaProjects\JAVA PROJECTS STARTING FROM 31.07.2024\Datorium-API}, connection = DefaultDaemonConnection: socket connection from /127.0.0.1:54648 to /127.0.0.1:54649] after 0.0 minutes of idle
2024-08-15T18:47:06.853+0300 [INFO] [org.gradle.launcher.daemon.server.DaemonRegistryUpdater] Marking the daemon as busy, address: [6e49998f-47c5-48b8-908d-5647a237b6ec port:54648, addresses:[localhost/127.0.0.1]]
2024-08-15T18:47:06.853+0300 [DEBUG] [org.gradle.launcher.daemon.registry.PersistentDaemonRegistry] Marking busy by address: [6e49998f-47c5-48b8-908d-5647a237b6ec port:54648, addresses:[localhost/127.0.0.1]]
2024-08-15T18:47:06.856+0300 [DEBUG] [org.gradle.cache.internal.DefaultFileLockManager] Waiting to acquire exclusive lock on daemon addresses registry.
2024-08-15T18:47:06.856+0300 [DEBUG] [org.gradle.cache.internal.DefaultFileLockManager] Lock acquired on daemon addresses registry.
2024-08-15T18:47:06.858+0300 [DEBUG] [org.gradle.cache.internal.DefaultFileLockManager] Releasing lock on daemon addresses registry.
2024-08-15T18:47:06.859+0300 [DEBUG] [org.gradle.launcher.daemon.server.DaemonStateCoordinator] resetting idle timer
2024-08-15T18:47:06.862+0300 [INFO] [org.gradle.launcher.daemon.server.exec.StartBuildOrRespondWithBusy] Daemon is about to start building Build{id=a7ade6a2-4f67-438d-9006-aa6030aabce3, currentDir=C:\Users\lasma\IdeaProjects\JAVA PROJECTS STARTING FROM 31.07.2024\Datorium-API}. Dispatching build started information...
2024-08-15T18:47:06.862+0300 [DEBUG] [org.gradle.launcher.daemon.server.SynchronizedDispatchConnection] thread 43: dispatching org.gradle.launcher.daemon.protocol.BuildStarted@2e0d8190
2024-08-15T18:47:06.863+0300 [DEBUG] [org.gradle.launcher.daemon.server.DaemonStateCoordinator] daemon is running. Sleeping until state changes.
2024-08-15T18:47:06.869+0300 [DEBUG] [org.gradle.launcher.daemon.server.SynchronizedDispatchConnection] thread 41: received class org.gradle.launcher.daemon.protocol.CloseInput
2024-08-15T18:47:06.870+0300 [DEBUG] [org.gradle.launcher.daemon.server.DefaultDaemonConnection] thread 41: Received IO message from client: org.gradle.launcher.daemon.protocol.CloseInput@88c2a9c
2024-08-15T18:47:06.870+0300 [DEBUG] [org.gradle.launcher.daemon.server.exec.EstablishBuildEnvironment] Configuring env variables: [USERDOMAIN_ROAMINGPROFILE, PROCESSOR_LEVEL, RegionCode, SESSIONNAME, ALLUSERSPROFILE, PROCESSOR_ARCHITECTURE, PSModulePath, SystemDrive, MOZ_PLUGIN_PATH, USERNAME, ProgramFiles(x86), FPS_BROWSER_USER_PROFILE_STRING, PATHEXT, DriverData, platformcode, PyCharm Community Edition, ProgramData, ProgramW6432, __PSLockDownPolicy, HOMEPATH, PROCESSOR_IDENTIFIER, ProgramFiles, PUBLIC, windir, =::, LOCALAPPDATA, IntelliJ IDEA, USERDOMAIN, LOGONSERVER, FPS_BROWSER_APP_PROFILE_STRING, OneDrive, APPDATA, VBOX_HWVIRTEX_IGNORE_SVM_IN_USE, CommonProgramFiles, Path, PyCharm, OS, COMPUTERNAME, OnlineServices, PROCESSOR_REVISION, CommonProgramW6432, ComSpec, EFC_9528, TEMP, SystemRoot, HOMEDRIVE, USERPROFILE, TMP, CommonProgramFiles(x86), NUMBER_OF_PROCESSORS]
2024-08-15T18:47:06.878+0300 [DEBUG] [org.gradle.launcher.daemon.server.exec.LogToClient] About to start relaying all logs to the client via the connection.
2024-08-15T18:47:06.879+0300 [INFO] [org.gradle.launcher.daemon.server.exec.LogToClient] The client will now receive all logging from the daemon (pid: 8868). The daemon log file: C:\Users\lasma\OneDrive\Dokumenti\Lasma\GitHub\WoTech-Team20-repository\Datorium-API\src\main\java\com\datorium\Datorium\API\daemon\8.8\daemon-8868.out.log
2024-08-15T18:47:06.886+0300 [INFO] [org.gradle.launcher.daemon.server.exec.LogAndCheckHealth] Starting build in new daemon [memory: 512 MiB]
2024-08-15T18:47:06.890+0300 [DEBUG] [org.gradle.launcher.daemon.server.clientinput.ClientInputForwarder] Closing this process' stdin at end of input.
2024-08-15T18:47:06.891+0300 [DEBUG] [org.gradle.launcher.daemon.server.clientinput.ClientInputForwarder] This process will no longer process any forwarded input.
2024-08-15T18:47:06.891+0300 [DEBUG] [org.gradle.launcher.daemon.server.exec.ExecuteBuild] The daemon has started executing the build.
2024-08-15T18:47:06.891+0300 [DEBUG] [org.gradle.launcher.daemon.server.exec.ExecuteBuild] Executing build with daemon context: DefaultDaemonContext[uid=a766a1f4-bc65-4696-b840-d9e1c75c7339,javaHome=C:\Users\lasma\.jdks\openjdk-22.0.1,javaVersion=22,daemonRegistryDir=C:\Users\lasma\OneDrive\Dokumenti\Lasma\GitHub\WoTech-Team20-repository\Datorium-API\src\main\java\com\datorium\Datorium\API\daemon,pid=8868,idleTimeout=10800000,priority=NORMAL,applyInstrumentationAgent=true,nativeServicesMode=ENABLED,daemonOpts=--add-opens=java.base/java.util=ALL-UNNAMED,--add-opens=java.base/java.lang=ALL-UNNAMED,--add-opens=java.base/java.lang.invoke=ALL-UNNAMED,--add-opens=java.prefs/java.util.prefs=ALL-UNNAMED,--add-opens=java.base/java.nio.charset=ALL-UNNAMED,--add-opens=java.base/java.net=ALL-UNNAMED,--add-opens=java.base/java.util.concurrent.atomic=ALL-UNNAMED,-XX:MaxMetaspaceSize=384m,-XX:+HeapDumpOnOutOfMemoryError,-Xms256m,-Xmx512m,-Dfile.encoding=UTF-8,-Duser.country=GB,-Duser.language=en,-Duser.variant]
Daemon will be stopped at the end of the build stop command received
Daemon vm is shutting down... The daemon has exited normally or was terminated in response to a user interrupt.
